<?xml version="1.0" encoding="UTF-8"?>
<!-- Generated by org.testng.reporters.JUnitXMLReporter -->
<testsuite hostname="RENT-MIS-LT3055" name="Default test" tests="5" failures="0" timestamp="28 Jul 2017 08:02:40 GMT" time="48.191" errors="0">
  <testcase name="OpenApp" time="20.092" classname="buyMenu.BuyMenuChecking"/>
  <testcase name="MenuExpnd" time="0.524" classname="buyMenu.BuyMenuChecking"/>
  <testcase name="SearchPage" time="6.783" classname="buyMenu.BuyMenuChecking"/>
  <testcase name="FrameMaxManagement" time="0.497" classname="buyMenu.BuyMenuChecking"/>
  <testcase name="FrameMinManagement" time="20.253" classname="buyMenu.BuyMenuChecking"/>
</testsuite> <!-- Default test -->
