<?xml version="1.0" encoding="UTF-8"?>
<!-- Generated by org.testng.reporters.JUnitXMLReporter -->
<testsuite hostname="RENT-MIS-LT3055" name="Test" tests="9" failures="3" timestamp="27 Jul 2017 08:10:55 GMT" time="31.945" errors="0">
  <testcase name="OpenApp" time="0.017" classname="buyMenu.BuyMenuChecking"/>
  <testcase name="MenuExpnd" time="0.0" classname="buyMenu.BuyMenuChecking">
    <failure type="java.lang.NullPointerException">
      <![CDATA[java.lang.NullPointerException
	at buyMenu.BuyMenuChecking.MenuExpnd(BuyMenuChecking.java:43)
... Removed 24 stack frames]]>
    </failure>
  </testcase> <!-- MenuExpnd -->
  <testcase name="SearchPage" time="0.0" classname="buyMenu.BuyMenuChecking">
    <skipped/>
  </testcase> <!-- SearchPage -->
  <testcase name="FrameMaxManagement" time="0.0" classname="buyMenu.BuyMenuChecking">
    <skipped/>
  </testcase> <!-- FrameMaxManagement -->
  <testcase name="FrameMinManagement" time="0.0" classname="buyMenu.BuyMenuChecking">
    <skipped/>
  </testcase> <!-- FrameMinManagement -->
  <testcase name="OpenApp" time="0.0" classname="buyingselling.BuyingSellingTabs"/>
  <testcase name="ClickBuying" time="0.0" classname="buyingselling.BuyingSellingTabs">
    <failure type="java.lang.NullPointerException">
      <![CDATA[java.lang.NullPointerException
	at buyingselling.BuyingSellingTabs.ClickBuying(BuyingSellingTabs.java:54)
... Removed 24 stack frames]]>
    </failure>
  </testcase> <!-- ClickBuying -->
  <testcase name="ClickSelling" time="0.015" classname="buyingselling.BuyingSellingTabs">
    <failure type="java.lang.NullPointerException">
      <![CDATA[java.lang.NullPointerException
	at buyingselling.BuyingSellingTabs.ClickSelling(BuyingSellingTabs.java:86)
... Removed 24 stack frames]]>
    </failure>
  </testcase> <!-- ClickSelling -->
  <testcase name="OpenPage" time="31.85" classname="openPage.OpenPageDetails"/>
</testsuite> <!-- Test -->
