<?xml version="1.0" encoding="UTF-8"?>
<testng-results skipped="0" failed="0" total="10" passed="10">
  <reporter-output>
  </reporter-output>
  <suite name="Owners" duration-ms="54969" started-at="2017-07-28T08:03:57Z" finished-at="2017-07-28T08:04:52Z">
    <groups>
    </groups>
    <test name="auto" duration-ms="54969" started-at="2017-07-28T08:03:57Z" finished-at="2017-07-28T08:04:52Z">
      <class name="buyingselling.BuyingSellingTabs">
        <test-method status="PASS" signature="OpenBrowser()[pri:0, instance:buyingselling.BuyingSellingTabs@4cc0edeb]" name="OpenBrowser" is-config="true" duration-ms="1" started-at="2017-07-28T13:34:18Z" finished-at="2017-07-28T13:34:18Z">
          <reporter-output>
          </reporter-output>
        </test-method> <!-- OpenBrowser -->
        <test-method status="PASS" signature="OpenApp()[pri:0, instance:buyingselling.BuyingSellingTabs@4cc0edeb]" name="OpenApp" duration-ms="2" started-at="2017-07-28T13:34:18Z" finished-at="2017-07-28T13:34:18Z">
          <reporter-output>
          </reporter-output>
        </test-method> <!-- OpenApp -->
        <test-method status="PASS" signature="ClickBuying()[pri:0, instance:buyingselling.BuyingSellingTabs@4cc0edeb]" name="ClickBuying" duration-ms="387" started-at="2017-07-28T13:34:18Z" depends-on-methods="buyingselling.BuyingSellingTabs.OpenApp" finished-at="2017-07-28T13:34:18Z">
          <reporter-output>
          </reporter-output>
        </test-method> <!-- ClickBuying -->
        <test-method status="PASS" signature="ClickSelling()[pri:0, instance:buyingselling.BuyingSellingTabs@4cc0edeb]" name="ClickSelling" duration-ms="312" started-at="2017-07-28T13:34:18Z" depends-on-methods="buyingselling.BuyingSellingTabs.OpenApp" finished-at="2017-07-28T13:34:18Z">
          <reporter-output>
          </reporter-output>
        </test-method> <!-- ClickSelling -->
      </class> <!-- buyingselling.BuyingSellingTabs -->
      <class name="buyMenu.BuyMenuChecking">
        <test-method status="PASS" signature="OpenApp()[pri:0, instance:buyMenu.BuyMenuChecking@457e2f02]" name="OpenApp" duration-ms="0" started-at="2017-07-28T13:34:18Z" finished-at="2017-07-28T13:34:18Z">
          <reporter-output>
          </reporter-output>
        </test-method> <!-- OpenApp -->
        <test-method status="PASS" signature="MenuExpnd()[pri:0, instance:buyMenu.BuyMenuChecking@457e2f02]" name="MenuExpnd" duration-ms="235" started-at="2017-07-28T13:34:18Z" depends-on-methods="buyMenu.BuyMenuChecking.OpenApp" finished-at="2017-07-28T13:34:19Z">
          <reporter-output>
          </reporter-output>
        </test-method> <!-- MenuExpnd -->
        <test-method status="PASS" signature="SearchPage()[pri:0, instance:buyMenu.BuyMenuChecking@457e2f02]" name="SearchPage" duration-ms="9082" started-at="2017-07-28T13:34:19Z" depends-on-methods="buyMenu.BuyMenuChecking.MenuExpnd" finished-at="2017-07-28T13:34:28Z">
          <reporter-output>
          </reporter-output>
        </test-method> <!-- SearchPage -->
        <test-method status="PASS" signature="FrameMaxManagement()[pri:0, instance:buyMenu.BuyMenuChecking@457e2f02]" name="FrameMaxManagement" duration-ms="360" started-at="2017-07-28T13:34:28Z" depends-on-methods="buyMenu.BuyMenuChecking.SearchPage" finished-at="2017-07-28T13:34:28Z">
          <reporter-output>
          </reporter-output>
        </test-method> <!-- FrameMaxManagement -->
        <test-method status="PASS" signature="FrameMinManagement()[pri:0, instance:buyMenu.BuyMenuChecking@457e2f02]" name="FrameMinManagement" duration-ms="20239" started-at="2017-07-28T13:34:28Z" depends-on-methods="buyMenu.BuyMenuChecking.FrameMaxManagement" finished-at="2017-07-28T13:34:48Z">
          <reporter-output>
          </reporter-output>
        </test-method> <!-- FrameMinManagement -->
      </class> <!-- buyMenu.BuyMenuChecking -->
      <class name="browsers.Browsers">
        <test-method status="PASS" signature="browserOpenig()[pri:1, instance:browsers.Browsers@7823a2f9]" name="browserOpenig" duration-ms="20667" started-at="2017-07-28T13:33:57Z" description="FireFox Open and go to the site" finished-at="2017-07-28T13:34:18Z">
          <reporter-output>
          </reporter-output>
        </test-method> <!-- browserOpenig -->
      </class> <!-- browsers.Browsers -->
      <class name="openPage.OpenPageDetails">
        <test-method status="PASS" signature="OpenPage()[pri:0, instance:openPage.OpenPageDetails@724af044]" name="OpenPage" duration-ms="3610" started-at="2017-07-28T13:34:48Z" finished-at="2017-07-28T13:34:52Z">
          <reporter-output>
          </reporter-output>
        </test-method> <!-- OpenPage -->
      </class> <!-- openPage.OpenPageDetails -->
    </test> <!-- auto -->
  </suite> <!-- Owners -->
</testng-results>
