<?xml version="1.0" encoding="UTF-8"?>
<!-- Generated by org.testng.reporters.JUnitXMLReporter -->
<testsuite hostname="RENT-MIS-LT3055" name="auto" tests="10" failures="0" timestamp="28 Jul 2017 08:04:52 GMT" time="54.969" errors="0">
  <testcase name="browserOpenig" time="20.667" classname="browsers.Browsers"/>
  <testcase name="OpenApp" time="0.002" classname="buyingselling.BuyingSellingTabs"/>
  <testcase name="ClickBuying" time="0.387" classname="buyingselling.BuyingSellingTabs"/>
  <testcase name="ClickSelling" time="0.312" classname="buyingselling.BuyingSellingTabs"/>
  <testcase name="OpenApp" time="0.0" classname="buyMenu.BuyMenuChecking"/>
  <testcase name="MenuExpnd" time="0.235" classname="buyMenu.BuyMenuChecking"/>
  <testcase name="SearchPage" time="9.082" classname="buyMenu.BuyMenuChecking"/>
  <testcase name="FrameMaxManagement" time="0.36" classname="buyMenu.BuyMenuChecking"/>
  <testcase name="FrameMinManagement" time="20.239" classname="buyMenu.BuyMenuChecking"/>
  <testcase name="OpenPage" time="3.61" classname="openPage.OpenPageDetails"/>
</testsuite> <!-- auto -->
